{"/Users/camilafreitas/Documents/Management-System-Test/bff/server.ts": {"path":"/Users/camilafreitas/Documents/Management-System-Test/bff/server.ts","all":true,"statementMap":{"0":{"start":{"line":1,"column":0},"end":{"line":1,"column":29}},"1":{"start":{"line":2,"column":0},"end":{"line":2,"column":27}},"2":{"start":{"line":3,"column":0},"end":{"line":3,"column":23}},"3":{"start":{"line":4,"column":0},"end":{"line":4,"column":33}},"4":{"start":{"line":5,"column":0},"end":{"line":5,"column":65}},"5":{"start":{"line":6,"column":0},"end":{"line":6,"column":44}},"7":{"start":{"line":8,"column":0},"end":{"line":8,"column":15}},"8":{"start":{"line":9,"column":0},"end":{"line":9,"column":21}},"9":{"start":{"line":10,"column":0},"end":{"line":10,"column":18}},"11":{"start":{"line":12,"column":0},"end":{"line":12,"column":14}},"12":{"start":{"line":13,"column":0},"end":{"line":13,"column":34}},"13":{"start":{"line":14,"column":0},"end":{"line":14,"column":3}},"14":{"start":{"line":15,"column":0},"end":{"line":15,"column":23}},"15":{"start":{"line":16,"column":0},"end":{"line":16,"column":23}},"16":{"start":{"line":17,"column":0},"end":{"line":17,"column":22}},"18":{"start":{"line":19,"column":0},"end":{"line":19,"column":37}},"19":{"start":{"line":20,"column":0},"end":{"line":20,"column":24}},"20":{"start":{"line":21,"column":0},"end":{"line":21,"column":44}},"21":{"start":{"line":22,"column":0},"end":{"line":22,"column":2}}},"s":{"0":0,"1":0,"2":0,"3":0,"4":0,"5":0,"7":0,"8":0,"9":0,"11":0,"12":0,"13":0,"14":0,"15":0,"16":0,"18":0,"19":0,"20":0,"21":0},"branchMap":{"0":{"type":"branch","line":1,"loc":{"start":{"line":1,"column":0},"end":{"line":22,"column":-310}},"locations":[{"start":{"line":1,"column":0},"end":{"line":22,"column":-310}}]}},"b":{"0":[0]},"fnMap":{"0":{"name":"(empty-report)","decl":{"start":{"line":1,"column":0},"end":{"line":22,"column":-310}},"loc":{"start":{"line":1,"column":0},"end":{"line":22,"column":-310}},"line":1}},"f":{"0":0}}
,"/Users/camilafreitas/Documents/Management-System-Test/bff/src/swagger.ts": {"path":"/Users/camilafreitas/Documents/Management-System-Test/bff/src/swagger.ts","all":true,"statementMap":{"0":{"start":{"line":1,"column":0},"end":{"line":1,"column":41}},"1":{"start":{"line":2,"column":0},"end":{"line":2,"column":43}},"4":{"start":{"line":5,"column":0},"end":{"line":5,"column":39}},"5":{"start":{"line":6,"column":0},"end":{"line":6,"column":15}},"6":{"start":{"line":7,"column":0},"end":{"line":7,"column":21}},"7":{"start":{"line":8,"column":0},"end":{"line":8,"column":11}},"8":{"start":{"line":9,"column":0},"end":{"line":9,"column":28}},"9":{"start":{"line":10,"column":0},"end":{"line":10,"column":23}},"10":{"start":{"line":11,"column":0},"end":{"line":11,"column":62}},"11":{"start":{"line":12,"column":0},"end":{"line":12,"column":6}},"12":{"start":{"line":13,"column":0},"end":{"line":13,"column":14}},"13":{"start":{"line":14,"column":0},"end":{"line":14,"column":7}},"14":{"start":{"line":15,"column":0},"end":{"line":15,"column":41}},"15":{"start":{"line":16,"column":0},"end":{"line":16,"column":8}},"16":{"start":{"line":17,"column":0},"end":{"line":17,"column":6}},"17":{"start":{"line":18,"column":0},"end":{"line":18,"column":17}},"18":{"start":{"line":19,"column":0},"end":{"line":19,"column":16}},"19":{"start":{"line":20,"column":0},"end":{"line":20,"column":15}},"20":{"start":{"line":21,"column":0},"end":{"line":21,"column":25}},"21":{"start":{"line":22,"column":0},"end":{"line":22,"column":23}},"22":{"start":{"line":23,"column":0},"end":{"line":23,"column":51}},"23":{"start":{"line":24,"column":0},"end":{"line":24,"column":67}},"24":{"start":{"line":25,"column":0},"end":{"line":25,"column":63}},"25":{"start":{"line":26,"column":0},"end":{"line":26,"column":12}},"26":{"start":{"line":27,"column":0},"end":{"line":27,"column":10}},"27":{"start":{"line":28,"column":0},"end":{"line":28,"column":15}},"28":{"start":{"line":29,"column":0},"end":{"line":29,"column":25}},"29":{"start":{"line":30,"column":0},"end":{"line":30,"column":23}},"30":{"start":{"line":31,"column":0},"end":{"line":31,"column":55}},"31":{"start":{"line":32,"column":0},"end":{"line":32,"column":60}},"32":{"start":{"line":33,"column":0},"end":{"line":33,"column":59}},"33":{"start":{"line":34,"column":0},"end":{"line":34,"column":74}},"34":{"start":{"line":35,"column":0},"end":{"line":35,"column":59}},"35":{"start":{"line":36,"column":0},"end":{"line":36,"column":58}},"36":{"start":{"line":37,"column":0},"end":{"line":37,"column":58}},"37":{"start":{"line":38,"column":0},"end":{"line":38,"column":12}},"38":{"start":{"line":39,"column":0},"end":{"line":39,"column":10}},"39":{"start":{"line":40,"column":0},"end":{"line":40,"column":8}},"40":{"start":{"line":41,"column":0},"end":{"line":41,"column":6}},"41":{"start":{"line":42,"column":0},"end":{"line":42,"column":4}},"42":{"start":{"line":43,"column":0},"end":{"line":43,"column":74}},"43":{"start":{"line":44,"column":0},"end":{"line":44,"column":2}},"45":{"start":{"line":46,"column":0},"end":{"line":46,"column":42}},"47":{"start":{"line":48,"column":0},"end":{"line":48,"column":44}},"48":{"start":{"line":49,"column":0},"end":{"line":49,"column":70}},"49":{"start":{"line":50,"column":0},"end":{"line":50,"column":1}}},"s":{"0":0,"1":0,"4":0,"5":0,"6":0,"7":0,"8":0,"9":0,"10":0,"11":0,"12":0,"13":0,"14":0,"15":0,"16":0,"17":0,"18":0,"19":0,"20":0,"21":0,"22":0,"23":0,"24":0,"25":0,"26":0,"27":0,"28":0,"29":0,"30":0,"31":0,"32":0,"33":0,"34":0,"35":0,"36":0,"37":0,"38":0,"39":0,"40":0,"41":0,"42":0,"43":0,"45":0,"47":0,"48":0,"49":0},"branchMap":{"0":{"type":"branch","line":1,"loc":{"start":{"line":1,"column":1555},"end":{"line":50,"column":1}},"locations":[{"start":{"line":1,"column":1555},"end":{"line":50,"column":1}}]}},"b":{"0":[0]},"fnMap":{"0":{"name":"(empty-report)","decl":{"start":{"line":1,"column":1555},"end":{"line":50,"column":1}},"loc":{"start":{"line":1,"column":1555},"end":{"line":50,"column":1}},"line":1}},"f":{"0":0}}
,"/Users/camilafreitas/Documents/Management-System-Test/bff/src/controllers/auth.controller.ts": {"path":"/Users/camilafreitas/Documents/Management-System-Test/bff/src/controllers/auth.controller.ts","all":true,"statementMap":{"1":{"start":{"line":2,"column":0},"end":{"line":2,"column":55}},"3":{"start":{"line":4,"column":0},"end":{"line":4,"column":29}},"4":{"start":{"line":5,"column":0},"end":{"line":5,"column":57}},"6":{"start":{"line":7,"column":0},"end":{"line":7,"column":70}},"7":{"start":{"line":8,"column":0},"end":{"line":8,"column":41}},"9":{"start":{"line":10,"column":0},"end":{"line":10,"column":9}},"10":{"start":{"line":11,"column":0},"end":{"line":11,"column":69}},"11":{"start":{"line":12,"column":0},"end":{"line":12,"column":37}},"12":{"start":{"line":13,"column":0},"end":{"line":13,"column":19}},"13":{"start":{"line":14,"column":0},"end":{"line":14,"column":16}},"14":{"start":{"line":15,"column":0},"end":{"line":15,"column":5}},"15":{"start":{"line":16,"column":0},"end":{"line":16,"column":4}},"16":{"start":{"line":17,"column":0},"end":{"line":17,"column":1}}},"s":{"1":0,"3":0,"4":0,"6":0,"7":0,"9":0,"10":0,"11":0,"12":0,"13":0,"14":0,"15":0,"16":0},"branchMap":{"0":{"type":"branch","line":1,"loc":{"start":{"line":1,"column":502},"end":{"line":17,"column":1}},"locations":[{"start":{"line":1,"column":502},"end":{"line":17,"column":1}}]}},"b":{"0":[1]},"fnMap":{"0":{"name":"(empty-report)","decl":{"start":{"line":1,"column":502},"end":{"line":17,"column":1}},"loc":{"start":{"line":1,"column":502},"end":{"line":17,"column":1}},"line":1}},"f":{"0":1}}
,"/Users/camilafreitas/Documents/Management-System-Test/bff/src/controllers/task.controller.ts": {"path":"/Users/camilafreitas/Documents/Management-System-Test/bff/src/controllers/task.controller.ts","all":true,"statementMap":{"3":{"start":{"line":4,"column":0},"end":{"line":4,"column":29}},"4":{"start":{"line":5,"column":0},"end":{"line":5,"column":50}},"6":{"start":{"line":7,"column":0},"end":{"line":7,"column":75}},"7":{"start":{"line":8,"column":0},"end":{"line":8,"column":9}},"8":{"start":{"line":9,"column":0},"end":{"line":9,"column":39}},"9":{"start":{"line":10,"column":0},"end":{"line":10,"column":32}},"10":{"start":{"line":11,"column":0},"end":{"line":11,"column":88}},"11":{"start":{"line":12,"column":0},"end":{"line":12,"column":22}},"12":{"start":{"line":13,"column":0},"end":{"line":13,"column":19}},"13":{"start":{"line":14,"column":0},"end":{"line":14,"column":16}},"14":{"start":{"line":15,"column":0},"end":{"line":15,"column":5}},"15":{"start":{"line":16,"column":0},"end":{"line":16,"column":4}},"17":{"start":{"line":18,"column":0},"end":{"line":18,"column":78}},"18":{"start":{"line":19,"column":0},"end":{"line":19,"column":9}},"19":{"start":{"line":20,"column":0},"end":{"line":20,"column":32}},"20":{"start":{"line":21,"column":0},"end":{"line":21,"column":73}},"21":{"start":{"line":22,"column":0},"end":{"line":22,"column":36}},"22":{"start":{"line":23,"column":0},"end":{"line":23,"column":19}},"23":{"start":{"line":24,"column":0},"end":{"line":24,"column":16}},"24":{"start":{"line":25,"column":0},"end":{"line":25,"column":5}},"25":{"start":{"line":26,"column":0},"end":{"line":26,"column":4}},"27":{"start":{"line":28,"column":0},"end":{"line":28,"column":72}},"28":{"start":{"line":29,"column":0},"end":{"line":29,"column":9}},"29":{"start":{"line":30,"column":0},"end":{"line":30,"column":35}},"30":{"start":{"line":31,"column":0},"end":{"line":31,"column":58}},"31":{"start":{"line":32,"column":0},"end":{"line":32,"column":21}},"32":{"start":{"line":33,"column":0},"end":{"line":33,"column":19}},"33":{"start":{"line":34,"column":0},"end":{"line":34,"column":16}},"34":{"start":{"line":35,"column":0},"end":{"line":35,"column":5}},"35":{"start":{"line":36,"column":0},"end":{"line":36,"column":4}},"37":{"start":{"line":38,"column":0},"end":{"line":38,"column":71}},"38":{"start":{"line":39,"column":0},"end":{"line":39,"column":9}},"39":{"start":{"line":40,"column":0},"end":{"line":40,"column":35}},"40":{"start":{"line":41,"column":0},"end":{"line":41,"column":31}},"41":{"start":{"line":42,"column":0},"end":{"line":42,"column":73}},"42":{"start":{"line":43,"column":0},"end":{"line":43,"column":24}},"43":{"start":{"line":44,"column":0},"end":{"line":44,"column":19}},"44":{"start":{"line":45,"column":0},"end":{"line":45,"column":16}},"45":{"start":{"line":46,"column":0},"end":{"line":46,"column":5}},"46":{"start":{"line":47,"column":0},"end":{"line":47,"column":4}},"48":{"start":{"line":49,"column":0},"end":{"line":49,"column":71}},"49":{"start":{"line":50,"column":0},"end":{"line":50,"column":9}},"50":{"start":{"line":51,"column":0},"end":{"line":51,"column":35}},"51":{"start":{"line":52,"column":0},"end":{"line":52,"column":48}},"52":{"start":{"line":53,"column":0},"end":{"line":53,"column":29}},"53":{"start":{"line":54,"column":0},"end":{"line":54,"column":19}},"54":{"start":{"line":55,"column":0},"end":{"line":55,"column":16}},"55":{"start":{"line":56,"column":0},"end":{"line":56,"column":5}},"56":{"start":{"line":57,"column":0},"end":{"line":57,"column":4}},"57":{"start":{"line":58,"column":0},"end":{"line":58,"column":1}}},"s":{"3":0,"4":0,"6":0,"7":0,"8":0,"9":0,"10":0,"11":0,"12":0,"13":0,"14":0,"15":0,"17":0,"18":0,"19":0,"20":0,"21":0,"22":0,"23":0,"24":0,"25":0,"27":0,"28":0,"29":0,"30":0,"31":0,"32":0,"33":0,"34":0,"35":0,"37":0,"38":0,"39":0,"40":0,"41":0,"42":0,"43":0,"44":0,"45":0,"46":0,"48":0,"49":0,"50":0,"51":0,"52":0,"53":0,"54":0,"55":0,"56":0,"57":0},"branchMap":{"0":{"type":"branch","line":1,"loc":{"start":{"line":1,"column":1649},"end":{"line":58,"column":1}},"locations":[{"start":{"line":1,"column":1649},"end":{"line":58,"column":1}}]}},"b":{"0":[1]},"fnMap":{"0":{"name":"(empty-report)","decl":{"start":{"line":1,"column":1649},"end":{"line":58,"column":1}},"loc":{"start":{"line":1,"column":1649},"end":{"line":58,"column":1}},"line":1}},"f":{"0":1}}
,"/Users/camilafreitas/Documents/Management-System-Test/bff/src/controllers/user.controller.ts": {"path":"/Users/camilafreitas/Documents/Management-System-Test/bff/src/controllers/user.controller.ts","all":true,"statementMap":{"1":{"start":{"line":2,"column":0},"end":{"line":2,"column":55}},"2":{"start":{"line":3,"column":0},"end":{"line":3,"column":65}},"4":{"start":{"line":5,"column":0},"end":{"line":5,"column":29}},"7":{"start":{"line":8,"column":0},"end":{"line":8,"column":68}},"8":{"start":{"line":9,"column":0},"end":{"line":9,"column":35}},"9":{"start":{"line":10,"column":0},"end":{"line":10,"column":3}},"11":{"start":{"line":12,"column":0},"end":{"line":12,"column":72}},"12":{"start":{"line":13,"column":0},"end":{"line":13,"column":9}},"13":{"start":{"line":14,"column":0},"end":{"line":14,"column":35}},"14":{"start":{"line":15,"column":0},"end":{"line":15,"column":63}},"15":{"start":{"line":16,"column":0},"end":{"line":16,"column":22}},"16":{"start":{"line":17,"column":0},"end":{"line":17,"column":19}},"17":{"start":{"line":18,"column":0},"end":{"line":18,"column":16}},"18":{"start":{"line":19,"column":0},"end":{"line":19,"column":5}},"19":{"start":{"line":20,"column":0},"end":{"line":20,"column":4}},"21":{"start":{"line":22,"column":0},"end":{"line":22,"column":75}},"22":{"start":{"line":23,"column":0},"end":{"line":23,"column":9}},"23":{"start":{"line":24,"column":0},"end":{"line":24,"column":66}},"24":{"start":{"line":25,"column":0},"end":{"line":25,"column":36}},"25":{"start":{"line":26,"column":0},"end":{"line":26,"column":19}},"26":{"start":{"line":27,"column":0},"end":{"line":27,"column":16}},"27":{"start":{"line":28,"column":0},"end":{"line":28,"column":5}},"28":{"start":{"line":29,"column":0},"end":{"line":29,"column":4}},"29":{"start":{"line":30,"column":0},"end":{"line":30,"column":1}}},"s":{"1":0,"2":0,"4":0,"7":0,"8":0,"9":0,"11":0,"12":0,"13":0,"14":0,"15":0,"16":0,"17":0,"18":0,"19":0,"21":0,"22":0,"23":0,"24":0,"25":0,"26":0,"27":0,"28":0,"29":0},"branchMap":{"0":{"type":"branch","line":1,"loc":{"start":{"line":1,"column":882},"end":{"line":30,"column":1}},"locations":[{"start":{"line":1,"column":882},"end":{"line":30,"column":1}}]}},"b":{"0":[1]},"fnMap":{"0":{"name":"(empty-report)","decl":{"start":{"line":1,"column":882},"end":{"line":30,"column":1}},"loc":{"start":{"line":1,"column":882},"end":{"line":30,"column":1}},"line":1}},"f":{"0":1}}
,"/Users/camilafreitas/Documents/Management-System-Test/bff/src/docs/auth.docs.ts": {"path":"/Users/camilafreitas/Documents/Management-System-Test/bff/src/docs/auth.docs.ts","all":true,"statementMap":{},"s":{},"branchMap":{"0":{"type":"branch","line":1,"loc":{"start":{"line":1,"column":964},"end":{"line":36,"column":3}},"locations":[{"start":{"line":1,"column":964},"end":{"line":36,"column":3}}]}},"b":{"0":[1]},"fnMap":{"0":{"name":"(empty-report)","decl":{"start":{"line":1,"column":964},"end":{"line":36,"column":3}},"loc":{"start":{"line":1,"column":964},"end":{"line":36,"column":3}},"line":1}},"f":{"0":1}}
,"/Users/camilafreitas/Documents/Management-System-Test/bff/src/docs/taks.docs.ts": {"path":"/Users/camilafreitas/Documents/Management-System-Test/bff/src/docs/taks.docs.ts","all":true,"statementMap":{},"s":{},"branchMap":{"0":{"type":"branch","line":1,"loc":{"start":{"line":1,"column":0},"end":{"line":1,"column":0}},"locations":[{"start":{"line":1,"column":0},"end":{"line":1,"column":0}}]}},"b":{"0":[1]},"fnMap":{"0":{"name":"(empty-report)","decl":{"start":{"line":1,"column":0},"end":{"line":1,"column":0}},"loc":{"start":{"line":1,"column":0},"end":{"line":1,"column":0}},"line":1}},"f":{"0":1}}
,"/Users/camilafreitas/Documents/Management-System-Test/bff/src/docs/user.docs.ts": {"path":"/Users/camilafreitas/Documents/Management-System-Test/bff/src/docs/user.docs.ts","all":true,"statementMap":{},"s":{},"branchMap":{"0":{"type":"branch","line":1,"loc":{"start":{"line":1,"column":0},"end":{"line":1,"column":0}},"locations":[{"start":{"line":1,"column":0},"end":{"line":1,"column":0}}]}},"b":{"0":[1]},"fnMap":{"0":{"name":"(empty-report)","decl":{"start":{"line":1,"column":0},"end":{"line":1,"column":0}},"loc":{"start":{"line":1,"column":0},"end":{"line":1,"column":0}},"line":1}},"f":{"0":1}}
,"/Users/camilafreitas/Documents/Management-System-Test/bff/src/errors/app-error.ts": {"path":"/Users/camilafreitas/Documents/Management-System-Test/bff/src/errors/app-error.ts","all":false,"statementMap":{"0":{"start":{"line":1,"column":0},"end":{"line":1,"column":37}},"3":{"start":{"line":4,"column":0},"end":{"line":4,"column":48}},"4":{"start":{"line":5,"column":0},"end":{"line":5,"column":19}},"5":{"start":{"line":6,"column":0},"end":{"line":6,"column":25}},"6":{"start":{"line":7,"column":0},"end":{"line":7,"column":3}},"7":{"start":{"line":8,"column":0},"end":{"line":8,"column":1}}},"s":{"0":1,"3":1,"4":16,"5":16,"6":16,"7":1},"branchMap":{"0":{"type":"branch","line":4,"loc":{"start":{"line":4,"column":2},"end":{"line":7,"column":3}},"locations":[{"start":{"line":4,"column":2},"end":{"line":7,"column":3}}]}},"b":{"0":[16]},"fnMap":{"0":{"name":"AppError","decl":{"start":{"line":4,"column":2},"end":{"line":7,"column":3}},"loc":{"start":{"line":4,"column":2},"end":{"line":7,"column":3}},"line":4}},"f":{"0":16}}
,"/Users/camilafreitas/Documents/Management-System-Test/bff/src/middlewares/auth.middleware.ts": {"path":"/Users/camilafreitas/Documents/Management-System-Test/bff/src/middlewares/auth.middleware.ts","all":true,"statementMap":{"1":{"start":{"line":2,"column":0},"end":{"line":2,"column":43}},"2":{"start":{"line":3,"column":0},"end":{"line":3,"column":47}},"4":{"start":{"line":5,"column":0},"end":{"line":5,"column":77}},"5":{"start":{"line":6,"column":0},"end":{"line":6,"column":47}},"7":{"start":{"line":8,"column":0},"end":{"line":8,"column":57}},"8":{"start":{"line":9,"column":0},"end":{"line":9,"column":50}},"9":{"start":{"line":10,"column":0},"end":{"line":10,"column":3}},"11":{"start":{"line":12,"column":0},"end":{"line":12,"column":42}},"13":{"start":{"line":14,"column":0},"end":{"line":14,"column":7}},"14":{"start":{"line":15,"column":0},"end":{"line":15,"column":39}},"15":{"start":{"line":16,"column":0},"end":{"line":16,"column":23}},"16":{"start":{"line":17,"column":0},"end":{"line":17,"column":11}},"17":{"start":{"line":18,"column":0},"end":{"line":18,"column":11}},"18":{"start":{"line":19,"column":0},"end":{"line":19,"column":48}},"19":{"start":{"line":20,"column":0},"end":{"line":20,"column":1}}},"s":{"1":0,"2":0,"4":0,"5":0,"7":0,"8":0,"9":0,"11":0,"13":0,"14":0,"15":0,"16":0,"17":0,"18":0,"19":0},"branchMap":{"0":{"type":"branch","line":1,"loc":{"start":{"line":1,"column":602},"end":{"line":20,"column":1}},"locations":[{"start":{"line":1,"column":602},"end":{"line":20,"column":1}}]}},"b":{"0":[1]},"fnMap":{"0":{"name":"(empty-report)","decl":{"start":{"line":1,"column":602},"end":{"line":20,"column":1}},"loc":{"start":{"line":1,"column":602},"end":{"line":20,"column":1}},"line":1}},"f":{"0":1}}
,"/Users/camilafreitas/Documents/Management-System-Test/bff/src/middlewares/error.middleware.ts": {"path":"/Users/camilafreitas/Documents/Management-System-Test/bff/src/middlewares/error.middleware.ts","all":true,"statementMap":{"1":{"start":{"line":2,"column":0},"end":{"line":2,"column":47}},"3":{"start":{"line":4,"column":0},"end":{"line":4,"column":75}},"4":{"start":{"line":5,"column":0},"end":{"line":5,"column":32}},"5":{"start":{"line":6,"column":0},"end":{"line":6,"column":56}},"6":{"start":{"line":7,"column":0},"end":{"line":7,"column":11}},"7":{"start":{"line":8,"column":0},"end":{"line":8,"column":3}},"9":{"start":{"line":10,"column":0},"end":{"line":10,"column":21}},"10":{"start":{"line":11,"column":0},"end":{"line":11,"column":59}},"11":{"start":{"line":12,"column":0},"end":{"line":12,"column":2}}},"s":{"1":0,"3":0,"4":0,"5":0,"6":0,"7":0,"9":0,"10":0,"11":0},"branchMap":{"0":{"type":"branch","line":1,"loc":{"start":{"line":1,"column":374},"end":{"line":12,"column":2}},"locations":[{"start":{"line":1,"column":374},"end":{"line":12,"column":2}}]}},"b":{"0":[1]},"fnMap":{"0":{"name":"(empty-report)","decl":{"start":{"line":1,"column":374},"end":{"line":12,"column":2}},"loc":{"start":{"line":1,"column":374},"end":{"line":12,"column":2}},"line":1}},"f":{"0":1}}
,"/Users/camilafreitas/Documents/Management-System-Test/bff/src/models/task.model.ts": {"path":"/Users/camilafreitas/Documents/Management-System-Test/bff/src/models/task.model.ts","all":true,"statementMap":{},"s":{},"branchMap":{"0":{"type":"branch","line":1,"loc":{"start":{"line":1,"column":229},"end":{"line":9,"column":1}},"locations":[{"start":{"line":1,"column":229},"end":{"line":9,"column":1}}]}},"b":{"0":[1]},"fnMap":{"0":{"name":"(empty-report)","decl":{"start":{"line":1,"column":229},"end":{"line":9,"column":1}},"loc":{"start":{"line":1,"column":229},"end":{"line":9,"column":1}},"line":1}},"f":{"0":1}}
,"/Users/camilafreitas/Documents/Management-System-Test/bff/src/models/user.model.ts": {"path":"/Users/camilafreitas/Documents/Management-System-Test/bff/src/models/user.model.ts","all":true,"statementMap":{},"s":{},"branchMap":{"0":{"type":"branch","line":1,"loc":{"start":{"line":1,"column":97},"end":{"line":6,"column":1}},"locations":[{"start":{"line":1,"column":97},"end":{"line":6,"column":1}}]}},"b":{"0":[1]},"fnMap":{"0":{"name":"(empty-report)","decl":{"start":{"line":1,"column":97},"end":{"line":6,"column":1}},"loc":{"start":{"line":1,"column":97},"end":{"line":6,"column":1}},"line":1}},"f":{"0":1}}
,"/Users/camilafreitas/Documents/Management-System-Test/bff/src/repositories/task.repository.ts": {"path":"/Users/camilafreitas/Documents/Management-System-Test/bff/src/repositories/task.repository.ts","all":false,"statementMap":{"0":{"start":{"line":1,"column":0},"end":{"line":1,"column":26}},"1":{"start":{"line":2,"column":0},"end":{"line":2,"column":36}},"2":{"start":{"line":3,"column":0},"end":{"line":3,"column":20}},"6":{"start":{"line":7,"column":0},"end":{"line":7,"column":71}},"8":{"start":{"line":9,"column":0},"end":{"line":9,"column":29}},"10":{"start":{"line":11,"column":0},"end":{"line":11,"column":92}},"11":{"start":{"line":12,"column":0},"end":{"line":12,"column":47}},"12":{"start":{"line":13,"column":0},"end":{"line":13,"column":50}},"13":{"start":{"line":14,"column":0},"end":{"line":14,"column":67}},"14":{"start":{"line":15,"column":0},"end":{"line":15,"column":20}},"15":{"start":{"line":16,"column":0},"end":{"line":16,"column":3}},"17":{"start":{"line":18,"column":0},"end":{"line":18,"column":55}},"18":{"start":{"line":19,"column":0},"end":{"line":19,"column":24}},"20":{"start":{"line":21,"column":0},"end":{"line":21,"column":70}},"21":{"start":{"line":22,"column":0},"end":{"line":22,"column":20}},"22":{"start":{"line":23,"column":0},"end":{"line":23,"column":3}},"24":{"start":{"line":25,"column":0},"end":{"line":25,"column":46}},"25":{"start":{"line":26,"column":0},"end":{"line":26,"column":9}},"26":{"start":{"line":27,"column":0},"end":{"line":27,"column":51}},"27":{"start":{"line":28,"column":0},"end":{"line":28,"column":18}},"28":{"start":{"line":29,"column":0},"end":{"line":29,"column":13}},"29":{"start":{"line":30,"column":0},"end":{"line":30,"column":19}},"30":{"start":{"line":31,"column":0},"end":{"line":31,"column":5}},"31":{"start":{"line":32,"column":0},"end":{"line":32,"column":3}},"33":{"start":{"line":34,"column":0},"end":{"line":34,"column":78}},"34":{"start":{"line":35,"column":0},"end":{"line":35,"column":9}},"35":{"start":{"line":36,"column":0},"end":{"line":36,"column":75}},"36":{"start":{"line":37,"column":0},"end":{"line":37,"column":22}},"37":{"start":{"line":38,"column":0},"end":{"line":38,"column":13}},"38":{"start":{"line":39,"column":0},"end":{"line":39,"column":18}},"39":{"start":{"line":40,"column":0},"end":{"line":40,"column":5}},"40":{"start":{"line":41,"column":0},"end":{"line":41,"column":3}},"42":{"start":{"line":43,"column":0},"end":{"line":43,"column":55}},"43":{"start":{"line":44,"column":0},"end":{"line":44,"column":9}},"44":{"start":{"line":45,"column":0},"end":{"line":45,"column":64}},"45":{"start":{"line":46,"column":0},"end":{"line":46,"column":22}},"46":{"start":{"line":47,"column":0},"end":{"line":47,"column":13}},"47":{"start":{"line":48,"column":0},"end":{"line":48,"column":18}},"48":{"start":{"line":49,"column":0},"end":{"line":49,"column":5}},"49":{"start":{"line":50,"column":0},"end":{"line":50,"column":3}},"50":{"start":{"line":51,"column":0},"end":{"line":51,"column":1}}},"s":{"0":1,"1":1,"2":1,"6":1,"8":1,"10":1,"11":1,"12":1,"13":1,"14":1,"15":1,"17":1,"18":1,"20":1,"21":1,"22":1,"24":1,"25":2,"26":2,"27":1,"28":1,"29":1,"30":1,"31":2,"33":1,"34":2,"35":2,"36":1,"37":1,"38":1,"39":1,"40":2,"42":1,"43":2,"44":2,"45":1,"46":1,"47":1,"48":1,"49":2,"50":1},"branchMap":{"0":{"type":"branch","line":11,"loc":{"start":{"line":11,"column":2},"end":{"line":16,"column":3}},"locations":[{"start":{"line":11,"column":2},"end":{"line":16,"column":3}}]},"1":{"type":"branch","line":18,"loc":{"start":{"line":18,"column":2},"end":{"line":23,"column":3}},"locations":[{"start":{"line":18,"column":2},"end":{"line":23,"column":3}}]},"2":{"type":"branch","line":25,"loc":{"start":{"line":25,"column":2},"end":{"line":32,"column":3}},"locations":[{"start":{"line":25,"column":2},"end":{"line":32,"column":3}}]},"3":{"type":"branch","line":27,"loc":{"start":{"line":27,"column":49},"end":{"line":31,"column":5}},"locations":[{"start":{"line":27,"column":49},"end":{"line":31,"column":5}}]},"4":{"type":"branch","line":34,"loc":{"start":{"line":34,"column":2},"end":{"line":41,"column":3}},"locations":[{"start":{"line":34,"column":2},"end":{"line":41,"column":3}}]},"5":{"type":"branch","line":36,"loc":{"start":{"line":36,"column":73},"end":{"line":40,"column":5}},"locations":[{"start":{"line":36,"column":73},"end":{"line":40,"column":5}}]},"6":{"type":"branch","line":43,"loc":{"start":{"line":43,"column":2},"end":{"line":50,"column":3}},"locations":[{"start":{"line":43,"column":2},"end":{"line":50,"column":3}}]},"7":{"type":"branch","line":45,"loc":{"start":{"line":45,"column":62},"end":{"line":49,"column":5}},"locations":[{"start":{"line":45,"column":62},"end":{"line":49,"column":5}}]}},"b":{"0":[1],"1":[1],"2":[2],"3":[1],"4":[2],"5":[1],"6":[2],"7":[1]},"fnMap":{"0":{"name":"getByUserIdWithFilters","decl":{"start":{"line":11,"column":2},"end":{"line":16,"column":3}},"loc":{"start":{"line":11,"column":2},"end":{"line":16,"column":3}},"line":11},"1":{"name":"create","decl":{"start":{"line":18,"column":2},"end":{"line":23,"column":3}},"loc":{"start":{"line":18,"column":2},"end":{"line":23,"column":3}},"line":18},"2":{"name":"delete","decl":{"start":{"line":25,"column":2},"end":{"line":32,"column":3}},"loc":{"start":{"line":25,"column":2},"end":{"line":32,"column":3}},"line":25},"3":{"name":"update","decl":{"start":{"line":34,"column":2},"end":{"line":41,"column":3}},"loc":{"start":{"line":34,"column":2},"end":{"line":41,"column":3}},"line":34},"4":{"name":"getById","decl":{"start":{"line":43,"column":2},"end":{"line":50,"column":3}},"loc":{"start":{"line":43,"column":2},"end":{"line":50,"column":3}},"line":43}},"f":{"0":1,"1":1,"2":2,"3":2,"4":2}}
,"/Users/camilafreitas/Documents/Management-System-Test/bff/src/repositories/user.repository.ts": {"path":"/Users/camilafreitas/Documents/Management-System-Test/bff/src/repositories/user.repository.ts","all":false,"statementMap":{"0":{"start":{"line":1,"column":0},"end":{"line":1,"column":26}},"1":{"start":{"line":2,"column":0},"end":{"line":2,"column":36}},"4":{"start":{"line":5,"column":0},"end":{"line":5,"column":71}},"6":{"start":{"line":7,"column":0},"end":{"line":7,"column":29}},"8":{"start":{"line":9,"column":0},"end":{"line":9,"column":55}},"9":{"start":{"line":10,"column":0},"end":{"line":10,"column":9}},"10":{"start":{"line":11,"column":0},"end":{"line":11,"column":63}},"11":{"start":{"line":12,"column":0},"end":{"line":12,"column":33}},"12":{"start":{"line":13,"column":0},"end":{"line":13,"column":13}},"13":{"start":{"line":14,"column":0},"end":{"line":14,"column":18}},"14":{"start":{"line":15,"column":0},"end":{"line":15,"column":5}},"15":{"start":{"line":16,"column":0},"end":{"line":16,"column":4}},"17":{"start":{"line":18,"column":0},"end":{"line":18,"column":61}},"18":{"start":{"line":19,"column":0},"end":{"line":19,"column":9}},"19":{"start":{"line":20,"column":0},"end":{"line":20,"column":69}},"20":{"start":{"line":21,"column":0},"end":{"line":21,"column":33}},"21":{"start":{"line":22,"column":0},"end":{"line":22,"column":13}},"22":{"start":{"line":23,"column":0},"end":{"line":23,"column":18}},"23":{"start":{"line":24,"column":0},"end":{"line":24,"column":5}},"24":{"start":{"line":25,"column":0},"end":{"line":25,"column":4}},"26":{"start":{"line":27,"column":0},"end":{"line":27,"column":55}},"27":{"start":{"line":28,"column":0},"end":{"line":28,"column":24}},"28":{"start":{"line":29,"column":0},"end":{"line":29,"column":70}},"29":{"start":{"line":30,"column":0},"end":{"line":30,"column":20}},"30":{"start":{"line":31,"column":0},"end":{"line":31,"column":4}},"32":{"start":{"line":33,"column":0},"end":{"line":33,"column":1}}},"s":{"0":1,"1":1,"4":1,"6":1,"8":1,"9":3,"10":3,"11":3,"12":3,"13":1,"14":1,"15":3,"17":1,"18":3,"19":3,"20":3,"21":3,"22":1,"23":1,"24":3,"26":1,"27":1,"28":1,"29":1,"30":1,"32":1},"branchMap":{"0":{"type":"branch","line":9,"loc":{"start":{"line":9,"column":2},"end":{"line":16,"column":4}},"locations":[{"start":{"line":9,"column":2},"end":{"line":16,"column":4}}]},"1":{"type":"branch","line":11,"loc":{"start":{"line":11,"column":61},"end":{"line":12,"column":28}},"locations":[{"start":{"line":11,"column":61},"end":{"line":12,"column":28}}]},"2":{"type":"branch","line":12,"loc":{"start":{"line":12,"column":23},"end":{"line":12,"column":33}},"locations":[{"start":{"line":12,"column":23},"end":{"line":12,"column":33}}]},"3":{"type":"branch","line":13,"loc":{"start":{"line":13,"column":4},"end":{"line":15,"column":5}},"locations":[{"start":{"line":13,"column":4},"end":{"line":15,"column":5}}]},"4":{"type":"branch","line":18,"loc":{"start":{"line":18,"column":2},"end":{"line":25,"column":4}},"locations":[{"start":{"line":18,"column":2},"end":{"line":25,"column":4}}]},"5":{"type":"branch","line":20,"loc":{"start":{"line":20,"column":67},"end":{"line":21,"column":28}},"locations":[{"start":{"line":20,"column":67},"end":{"line":21,"column":28}}]},"6":{"type":"branch","line":21,"loc":{"start":{"line":21,"column":23},"end":{"line":21,"column":33}},"locations":[{"start":{"line":21,"column":23},"end":{"line":21,"column":33}}]},"7":{"type":"branch","line":22,"loc":{"start":{"line":22,"column":4},"end":{"line":24,"column":5}},"locations":[{"start":{"line":22,"column":4},"end":{"line":24,"column":5}}]},"8":{"type":"branch","line":27,"loc":{"start":{"line":27,"column":2},"end":{"line":31,"column":4}},"locations":[{"start":{"line":27,"column":2},"end":{"line":31,"column":4}}]}},"b":{"0":[3],"1":[2],"2":[1],"3":[1],"4":[3],"5":[2],"6":[1],"7":[1],"8":[1]},"fnMap":{"0":{"name":"getUserById","decl":{"start":{"line":9,"column":2},"end":{"line":16,"column":4}},"loc":{"start":{"line":9,"column":2},"end":{"line":16,"column":4}},"line":9},"1":{"name":"getUserByEmail","decl":{"start":{"line":18,"column":2},"end":{"line":25,"column":4}},"loc":{"start":{"line":18,"column":2},"end":{"line":25,"column":4}},"line":18},"2":{"name":"create","decl":{"start":{"line":27,"column":2},"end":{"line":31,"column":4}},"loc":{"start":{"line":27,"column":2},"end":{"line":31,"column":4}},"line":27}},"f":{"0":3,"1":3,"2":1}}
,"/Users/camilafreitas/Documents/Management-System-Test/bff/src/routes/auth.routes.ts": {"path":"/Users/camilafreitas/Documents/Management-System-Test/bff/src/routes/auth.routes.ts","all":true,"statementMap":{"0":{"start":{"line":1,"column":0},"end":{"line":1,"column":33}},"1":{"start":{"line":2,"column":0},"end":{"line":2,"column":64}},"3":{"start":{"line":4,"column":0},"end":{"line":4,"column":24}},"4":{"start":{"line":5,"column":0},"end":{"line":5,"column":44}},"6":{"start":{"line":7,"column":0},"end":{"line":7,"column":44}},"8":{"start":{"line":9,"column":0},"end":{"line":9,"column":22}}},"s":{"0":0,"1":0,"3":0,"4":0,"6":0,"8":0},"branchMap":{"0":{"type":"branch","line":1,"loc":{"start":{"line":1,"column":247},"end":{"line":9,"column":22}},"locations":[{"start":{"line":1,"column":247},"end":{"line":9,"column":22}}]}},"b":{"0":[0]},"fnMap":{"0":{"name":"(empty-report)","decl":{"start":{"line":1,"column":247},"end":{"line":9,"column":22}},"loc":{"start":{"line":1,"column":247},"end":{"line":9,"column":22}},"line":1}},"f":{"0":0}}
,"/Users/camilafreitas/Documents/Management-System-Test/bff/src/routes/index.ts": {"path":"/Users/camilafreitas/Documents/Management-System-Test/bff/src/routes/index.ts","all":true,"statementMap":{"0":{"start":{"line":1,"column":0},"end":{"line":1,"column":32}},"1":{"start":{"line":2,"column":0},"end":{"line":2,"column":38}},"2":{"start":{"line":3,"column":0},"end":{"line":3,"column":38}},"3":{"start":{"line":4,"column":0},"end":{"line":4,"column":38}},"5":{"start":{"line":6,"column":0},"end":{"line":6,"column":23}},"7":{"start":{"line":8,"column":0},"end":{"line":8,"column":32}},"8":{"start":{"line":9,"column":0},"end":{"line":9,"column":32}},"9":{"start":{"line":10,"column":0},"end":{"line":10,"column":31}},"11":{"start":{"line":12,"column":0},"end":{"line":12,"column":21}}},"s":{"0":0,"1":0,"2":0,"3":0,"5":0,"7":0,"8":0,"9":0,"11":0},"branchMap":{"0":{"type":"branch","line":1,"loc":{"start":{"line":1,"column":307},"end":{"line":12,"column":21}},"locations":[{"start":{"line":1,"column":307},"end":{"line":12,"column":21}}]}},"b":{"0":[0]},"fnMap":{"0":{"name":"(empty-report)","decl":{"start":{"line":1,"column":307},"end":{"line":12,"column":21}},"loc":{"start":{"line":1,"column":307},"end":{"line":12,"column":21}},"line":1}},"f":{"0":0}}
,"/Users/camilafreitas/Documents/Management-System-Test/bff/src/routes/task.routes.ts": {"path":"/Users/camilafreitas/Documents/Management-System-Test/bff/src/routes/task.routes.ts","all":true,"statementMap":{"0":{"start":{"line":1,"column":0},"end":{"line":1,"column":33}},"1":{"start":{"line":2,"column":0},"end":{"line":2,"column":64}},"2":{"start":{"line":3,"column":0},"end":{"line":3,"column":60}},"3":{"start":{"line":4,"column":0},"end":{"line":4,"column":55}},"4":{"start":{"line":5,"column":0},"end":{"line":5,"column":65}},"6":{"start":{"line":7,"column":0},"end":{"line":7,"column":24}},"7":{"start":{"line":8,"column":0},"end":{"line":8,"column":81}},"45":{"start":{"line":46,"column":0},"end":{"line":46,"column":68}},"69":{"start":{"line":70,"column":0},"end":{"line":70,"column":59}},"93":{"start":{"line":94,"column":0},"end":{"line":94,"column":55}},"123":{"start":{"line":124,"column":0},"end":{"line":124,"column":54}},"143":{"start":{"line":144,"column":0},"end":{"line":144,"column":57}},"145":{"start":{"line":146,"column":0},"end":{"line":146,"column":22}}},"s":{"0":0,"1":0,"2":0,"3":0,"4":0,"6":0,"7":0,"45":0,"69":0,"93":0,"123":0,"143":0,"145":0},"branchMap":{"0":{"type":"branch","line":1,"loc":{"start":{"line":1,"column":3641},"end":{"line":146,"column":22}},"locations":[{"start":{"line":1,"column":3641},"end":{"line":146,"column":22}}]}},"b":{"0":[0]},"fnMap":{"0":{"name":"(empty-report)","decl":{"start":{"line":1,"column":3641},"end":{"line":146,"column":22}},"loc":{"start":{"line":1,"column":3641},"end":{"line":146,"column":22}},"line":1}},"f":{"0":0}}
,"/Users/camilafreitas/Documents/Management-System-Test/bff/src/routes/user.routes.ts": {"path":"/Users/camilafreitas/Documents/Management-System-Test/bff/src/routes/user.routes.ts","all":true,"statementMap":{"0":{"start":{"line":1,"column":0},"end":{"line":1,"column":33}},"1":{"start":{"line":2,"column":0},"end":{"line":2,"column":64}},"2":{"start":{"line":3,"column":0},"end":{"line":3,"column":55}},"3":{"start":{"line":4,"column":0},"end":{"line":4,"column":65}},"5":{"start":{"line":6,"column":0},"end":{"line":6,"column":24}},"6":{"start":{"line":7,"column":0},"end":{"line":7,"column":81}},"31":{"start":{"line":32,"column":0},"end":{"line":32,"column":43}},"70":{"start":{"line":71,"column":0},"end":{"line":71,"column":44}},"72":{"start":{"line":73,"column":0},"end":{"line":73,"column":22}}},"s":{"0":0,"1":0,"2":0,"3":0,"5":0,"6":0,"31":0,"70":0,"72":0},"branchMap":{"0":{"type":"branch","line":1,"loc":{"start":{"line":1,"column":2020},"end":{"line":73,"column":22}},"locations":[{"start":{"line":1,"column":2020},"end":{"line":73,"column":22}}]}},"b":{"0":[0]},"fnMap":{"0":{"name":"(empty-report)","decl":{"start":{"line":1,"column":2020},"end":{"line":73,"column":22}},"loc":{"start":{"line":1,"column":2020},"end":{"line":73,"column":22}},"line":1}},"f":{"0":0}}
,"/Users/camilafreitas/Documents/Management-System-Test/bff/src/services/auth.service.ts": {"path":"/Users/camilafreitas/Documents/Management-System-Test/bff/src/services/auth.service.ts","all":false,"statementMap":{"0":{"start":{"line":1,"column":0},"end":{"line":1,"column":65}},"1":{"start":{"line":2,"column":0},"end":{"line":2,"column":47}},"2":{"start":{"line":3,"column":0},"end":{"line":3,"column":48}},"3":{"start":{"line":4,"column":0},"end":{"line":4,"column":45}},"4":{"start":{"line":5,"column":0},"end":{"line":5,"column":26}},"5":{"start":{"line":6,"column":0},"end":{"line":6,"column":57}},"7":{"start":{"line":8,"column":0},"end":{"line":8,"column":103}},"9":{"start":{"line":10,"column":0},"end":{"line":10,"column":59}},"10":{"start":{"line":11,"column":0},"end":{"line":11,"column":16}},"11":{"start":{"line":12,"column":0},"end":{"line":12,"column":47}},"12":{"start":{"line":13,"column":0},"end":{"line":13,"column":5}},"14":{"start":{"line":15,"column":0},"end":{"line":15,"column":75}},"15":{"start":{"line":16,"column":0},"end":{"line":16,"column":27}},"16":{"start":{"line":17,"column":0},"end":{"line":17,"column":50}},"17":{"start":{"line":18,"column":0},"end":{"line":18,"column":5}},"19":{"start":{"line":20,"column":0},"end":{"line":20,"column":68}},"20":{"start":{"line":21,"column":0},"end":{"line":21,"column":58}},"21":{"start":{"line":22,"column":0},"end":{"line":22,"column":3}},"22":{"start":{"line":23,"column":0},"end":{"line":23,"column":1}}},"s":{"0":1,"1":1,"2":1,"3":1,"4":1,"5":1,"7":1,"9":5,"10":5,"11":2,"12":2,"14":3,"15":5,"16":2,"17":2,"19":1,"20":1,"21":5,"22":1},"branchMap":{"0":{"type":"branch","line":6,"loc":{"start":{"line":6,"column":2},"end":{"line":6,"column":57}},"locations":[{"start":{"line":6,"column":2},"end":{"line":6,"column":57}}]},"1":{"type":"branch","line":8,"loc":{"start":{"line":8,"column":2},"end":{"line":22,"column":3}},"locations":[{"start":{"line":8,"column":2},"end":{"line":22,"column":3}}]},"2":{"type":"branch","line":11,"loc":{"start":{"line":11,"column":15},"end":{"line":13,"column":5}},"locations":[{"start":{"line":11,"column":15},"end":{"line":13,"column":5}}]},"3":{"type":"branch","line":13,"loc":{"start":{"line":13,"column":4},"end":{"line":16,"column":26}},"locations":[{"start":{"line":13,"column":4},"end":{"line":16,"column":26}}]},"4":{"type":"branch","line":16,"loc":{"start":{"line":16,"column":26},"end":{"line":18,"column":5}},"locations":[{"start":{"line":16,"column":26},"end":{"line":18,"column":5}}]},"5":{"type":"branch","line":18,"loc":{"start":{"line":18,"column":4},"end":{"line":21,"column":58}},"locations":[{"start":{"line":18,"column":4},"end":{"line":21,"column":58}}]}},"b":{"0":[3],"1":[5],"2":[2],"3":[3],"4":[2],"5":[1]},"fnMap":{"0":{"name":"AuthService","decl":{"start":{"line":6,"column":2},"end":{"line":6,"column":57}},"loc":{"start":{"line":6,"column":2},"end":{"line":6,"column":57}},"line":6},"1":{"name":"login","decl":{"start":{"line":8,"column":2},"end":{"line":22,"column":3}},"loc":{"start":{"line":8,"column":2},"end":{"line":22,"column":3}},"line":8}},"f":{"0":3,"1":5}}
,"/Users/camilafreitas/Documents/Management-System-Test/bff/src/services/task.service.ts": {"path":"/Users/camilafreitas/Documents/Management-System-Test/bff/src/services/task.service.ts","all":false,"statementMap":{"1":{"start":{"line":2,"column":0},"end":{"line":2,"column":47}},"5":{"start":{"line":6,"column":0},"end":{"line":6,"column":26}},"6":{"start":{"line":7,"column":0},"end":{"line":7,"column":56}},"8":{"start":{"line":9,"column":0},"end":{"line":9,"column":97}},"9":{"start":{"line":10,"column":0},"end":{"line":10,"column":84}},"10":{"start":{"line":11,"column":0},"end":{"line":11,"column":39}},"11":{"start":{"line":12,"column":0},"end":{"line":12,"column":49}},"12":{"start":{"line":13,"column":0},"end":{"line":13,"column":5}},"13":{"start":{"line":14,"column":0},"end":{"line":14,"column":17}},"14":{"start":{"line":15,"column":0},"end":{"line":15,"column":3}},"16":{"start":{"line":17,"column":0},"end":{"line":17,"column":66}},"17":{"start":{"line":18,"column":0},"end":{"line":18,"column":59}},"18":{"start":{"line":19,"column":0},"end":{"line":19,"column":19}},"19":{"start":{"line":20,"column":0},"end":{"line":20,"column":55}},"20":{"start":{"line":21,"column":0},"end":{"line":21,"column":5}},"21":{"start":{"line":22,"column":0},"end":{"line":22,"column":19}},"22":{"start":{"line":23,"column":0},"end":{"line":23,"column":3}},"24":{"start":{"line":25,"column":0},"end":{"line":25,"column":51}},"25":{"start":{"line":26,"column":0},"end":{"line":26,"column":61}},"26":{"start":{"line":27,"column":0},"end":{"line":27,"column":19}},"27":{"start":{"line":28,"column":0},"end":{"line":28,"column":48}},"28":{"start":{"line":29,"column":0},"end":{"line":29,"column":5}},"29":{"start":{"line":30,"column":0},"end":{"line":30,"column":3}},"31":{"start":{"line":32,"column":0},"end":{"line":32,"column":75}},"32":{"start":{"line":33,"column":0},"end":{"line":33,"column":70}},"33":{"start":{"line":34,"column":0},"end":{"line":34,"column":19}},"34":{"start":{"line":35,"column":0},"end":{"line":35,"column":48}},"35":{"start":{"line":36,"column":0},"end":{"line":36,"column":5}},"36":{"start":{"line":37,"column":0},"end":{"line":37,"column":19}},"37":{"start":{"line":38,"column":0},"end":{"line":38,"column":3}},"39":{"start":{"line":40,"column":0},"end":{"line":40,"column":48}},"40":{"start":{"line":41,"column":0},"end":{"line":41,"column":59}},"41":{"start":{"line":42,"column":0},"end":{"line":42,"column":16}},"42":{"start":{"line":43,"column":0},"end":{"line":43,"column":48}},"43":{"start":{"line":44,"column":0},"end":{"line":44,"column":5}},"44":{"start":{"line":45,"column":0},"end":{"line":45,"column":16}},"45":{"start":{"line":46,"column":0},"end":{"line":46,"column":3}},"46":{"start":{"line":47,"column":0},"end":{"line":47,"column":1}}},"s":{"1":1,"5":1,"6":1,"8":1,"9":3,"10":3,"11":2,"12":2,"13":1,"14":3,"16":1,"17":3,"18":3,"19":2,"20":2,"21":1,"22":3,"24":1,"25":3,"26":3,"27":2,"28":2,"29":3,"31":1,"32":3,"33":3,"34":2,"35":2,"36":1,"37":3,"39":1,"40":3,"41":3,"42":2,"43":2,"44":1,"45":3,"46":1},"branchMap":{"0":{"type":"branch","line":7,"loc":{"start":{"line":7,"column":2},"end":{"line":7,"column":56}},"locations":[{"start":{"line":7,"column":2},"end":{"line":7,"column":56}}]},"1":{"type":"branch","line":9,"loc":{"start":{"line":9,"column":2},"end":{"line":15,"column":3}},"locations":[{"start":{"line":9,"column":2},"end":{"line":15,"column":3}}]},"2":{"type":"branch","line":11,"loc":{"start":{"line":11,"column":38},"end":{"line":13,"column":5}},"locations":[{"start":{"line":11,"column":38},"end":{"line":13,"column":5}}]},"3":{"type":"branch","line":13,"loc":{"start":{"line":13,"column":4},"end":{"line":14,"column":17}},"locations":[{"start":{"line":13,"column":4},"end":{"line":14,"column":17}}]},"4":{"type":"branch","line":17,"loc":{"start":{"line":17,"column":2},"end":{"line":23,"column":3}},"locations":[{"start":{"line":17,"column":2},"end":{"line":23,"column":3}}]},"5":{"type":"branch","line":19,"loc":{"start":{"line":19,"column":18},"end":{"line":21,"column":5}},"locations":[{"start":{"line":19,"column":18},"end":{"line":21,"column":5}}]},"6":{"type":"branch","line":21,"loc":{"start":{"line":21,"column":4},"end":{"line":22,"column":19}},"locations":[{"start":{"line":21,"column":4},"end":{"line":22,"column":19}}]},"7":{"type":"branch","line":25,"loc":{"start":{"line":25,"column":2},"end":{"line":30,"column":3}},"locations":[{"start":{"line":25,"column":2},"end":{"line":30,"column":3}}]},"8":{"type":"branch","line":27,"loc":{"start":{"line":27,"column":18},"end":{"line":29,"column":5}},"locations":[{"start":{"line":27,"column":18},"end":{"line":29,"column":5}}]},"9":{"type":"branch","line":32,"loc":{"start":{"line":32,"column":2},"end":{"line":38,"column":3}},"locations":[{"start":{"line":32,"column":2},"end":{"line":38,"column":3}}]},"10":{"type":"branch","line":34,"loc":{"start":{"line":34,"column":18},"end":{"line":36,"column":5}},"locations":[{"start":{"line":34,"column":18},"end":{"line":36,"column":5}}]},"11":{"type":"branch","line":36,"loc":{"start":{"line":36,"column":4},"end":{"line":37,"column":19}},"locations":[{"start":{"line":36,"column":4},"end":{"line":37,"column":19}}]},"12":{"type":"branch","line":40,"loc":{"start":{"line":40,"column":2},"end":{"line":46,"column":3}},"locations":[{"start":{"line":40,"column":2},"end":{"line":46,"column":3}}]},"13":{"type":"branch","line":42,"loc":{"start":{"line":42,"column":15},"end":{"line":44,"column":5}},"locations":[{"start":{"line":42,"column":15},"end":{"line":44,"column":5}}]},"14":{"type":"branch","line":44,"loc":{"start":{"line":44,"column":4},"end":{"line":45,"column":16}},"locations":[{"start":{"line":44,"column":4},"end":{"line":45,"column":16}}]}},"b":{"0":[10],"1":[3],"2":[2],"3":[1],"4":[3],"5":[2],"6":[1],"7":[3],"8":[2],"9":[3],"10":[2],"11":[1],"12":[3],"13":[2],"14":[1]},"fnMap":{"0":{"name":"TaskService","decl":{"start":{"line":7,"column":2},"end":{"line":7,"column":56}},"loc":{"start":{"line":7,"column":2},"end":{"line":7,"column":56}},"line":7},"1":{"name":"getTasksByUserIdWithFilters","decl":{"start":{"line":9,"column":2},"end":{"line":15,"column":3}},"loc":{"start":{"line":9,"column":2},"end":{"line":15,"column":3}},"line":9},"2":{"name":"createTaskForUser","decl":{"start":{"line":17,"column":2},"end":{"line":23,"column":3}},"loc":{"start":{"line":17,"column":2},"end":{"line":23,"column":3}},"line":17},"3":{"name":"deleteTask","decl":{"start":{"line":25,"column":2},"end":{"line":30,"column":3}},"loc":{"start":{"line":25,"column":2},"end":{"line":30,"column":3}},"line":25},"4":{"name":"updateTask","decl":{"start":{"line":32,"column":2},"end":{"line":38,"column":3}},"loc":{"start":{"line":32,"column":2},"end":{"line":38,"column":3}},"line":32},"5":{"name":"getById","decl":{"start":{"line":40,"column":2},"end":{"line":46,"column":3}},"loc":{"start":{"line":40,"column":2},"end":{"line":46,"column":3}},"line":40}},"f":{"0":10,"1":3,"2":3,"3":3,"4":3,"5":3}}
,"/Users/camilafreitas/Documents/Management-System-Test/bff/src/services/user.service.ts": {"path":"/Users/camilafreitas/Documents/Management-System-Test/bff/src/services/user.service.ts","all":false,"statementMap":{"0":{"start":{"line":1,"column":0},"end":{"line":1,"column":47}},"3":{"start":{"line":4,"column":0},"end":{"line":4,"column":45}},"5":{"start":{"line":6,"column":0},"end":{"line":6,"column":26}},"6":{"start":{"line":7,"column":0},"end":{"line":7,"column":56}},"8":{"start":{"line":9,"column":0},"end":{"line":9,"column":55}},"9":{"start":{"line":10,"column":0},"end":{"line":10,"column":53}},"10":{"start":{"line":11,"column":0},"end":{"line":11,"column":3}},"12":{"start":{"line":13,"column":0},"end":{"line":13,"column":59}},"13":{"start":{"line":14,"column":0},"end":{"line":14,"column":78}},"14":{"start":{"line":15,"column":0},"end":{"line":15,"column":23}},"15":{"start":{"line":16,"column":0},"end":{"line":16,"column":56}},"16":{"start":{"line":17,"column":0},"end":{"line":17,"column":5}},"18":{"start":{"line":19,"column":0},"end":{"line":19,"column":59}},"20":{"start":{"line":21,"column":0},"end":{"line":21,"column":24}},"21":{"start":{"line":22,"column":0},"end":{"line":22,"column":14}},"22":{"start":{"line":23,"column":0},"end":{"line":23,"column":29}},"23":{"start":{"line":24,"column":0},"end":{"line":24,"column":6}},"25":{"start":{"line":26,"column":0},"end":{"line":26,"column":56}},"26":{"start":{"line":27,"column":0},"end":{"line":27,"column":3}},"27":{"start":{"line":28,"column":0},"end":{"line":28,"column":1}}},"s":{"0":1,"3":1,"5":1,"6":1,"8":1,"9":2,"10":2,"12":1,"13":3,"14":3,"15":2,"16":2,"18":1,"20":1,"21":1,"22":1,"23":1,"25":1,"26":3,"27":1},"branchMap":{"0":{"type":"branch","line":7,"loc":{"start":{"line":7,"column":2},"end":{"line":7,"column":56}},"locations":[{"start":{"line":7,"column":2},"end":{"line":7,"column":56}}]},"1":{"type":"branch","line":9,"loc":{"start":{"line":9,"column":2},"end":{"line":11,"column":3}},"locations":[{"start":{"line":9,"column":2},"end":{"line":11,"column":3}}]},"2":{"type":"branch","line":13,"loc":{"start":{"line":13,"column":2},"end":{"line":27,"column":3}},"locations":[{"start":{"line":13,"column":2},"end":{"line":27,"column":3}}]},"3":{"type":"branch","line":15,"loc":{"start":{"line":15,"column":22},"end":{"line":17,"column":5}},"locations":[{"start":{"line":15,"column":22},"end":{"line":17,"column":5}}]},"4":{"type":"branch","line":17,"loc":{"start":{"line":17,"column":4},"end":{"line":26,"column":56}},"locations":[{"start":{"line":17,"column":4},"end":{"line":26,"column":56}}]}},"b":{"0":[4],"1":[2],"2":[3],"3":[2],"4":[1]},"fnMap":{"0":{"name":"UserService","decl":{"start":{"line":7,"column":2},"end":{"line":7,"column":56}},"loc":{"start":{"line":7,"column":2},"end":{"line":7,"column":56}},"line":7},"1":{"name":"getUserById","decl":{"start":{"line":9,"column":2},"end":{"line":11,"column":3}},"loc":{"start":{"line":9,"column":2},"end":{"line":11,"column":3}},"line":9},"2":{"name":"createUser","decl":{"start":{"line":13,"column":2},"end":{"line":27,"column":3}},"loc":{"start":{"line":13,"column":2},"end":{"line":27,"column":3}},"line":13}},"f":{"0":4,"1":2,"2":3}}
,"/Users/camilafreitas/Documents/Management-System-Test/bff/src/types/task-filters.type.ts": {"path":"/Users/camilafreitas/Documents/Management-System-Test/bff/src/types/task-filters.type.ts","all":true,"statementMap":{},"s":{},"branchMap":{"0":{"type":"branch","line":1,"loc":{"start":{"line":1,"column":100},"end":{"line":5,"column":2}},"locations":[{"start":{"line":1,"column":100},"end":{"line":5,"column":2}}]}},"b":{"0":[1]},"fnMap":{"0":{"name":"(empty-report)","decl":{"start":{"line":1,"column":100},"end":{"line":5,"column":2}},"loc":{"start":{"line":1,"column":100},"end":{"line":5,"column":2}},"line":1}},"f":{"0":1}}
,"/Users/camilafreitas/Documents/Management-System-Test/bff/src/utils/hash.ts": {"path":"/Users/camilafreitas/Documents/Management-System-Test/bff/src/utils/hash.ts","all":false,"statementMap":{"0":{"start":{"line":1,"column":0},"end":{"line":1,"column":28}},"2":{"start":{"line":3,"column":0},"end":{"line":3,"column":70}},"3":{"start":{"line":4,"column":0},"end":{"line":4,"column":92}}},"s":{"0":1,"2":1,"3":1},"branchMap":{},"b":{},"fnMap":{"0":{"name":"hashPassword","decl":{"start":{"line":3,"column":28},"end":{"line":3,"column":70}},"loc":{"start":{"line":3,"column":28},"end":{"line":3,"column":70}},"line":3},"1":{"name":"comparePassword","decl":{"start":{"line":4,"column":31},"end":{"line":4,"column":92}},"loc":{"start":{"line":4,"column":31},"end":{"line":4,"column":92}},"line":4}},"f":{"0":0,"1":0}}
,"/Users/camilafreitas/Documents/Management-System-Test/bff/src/utils/jwt.ts": {"path":"/Users/camilafreitas/Documents/Management-System-Test/bff/src/utils/jwt.ts","all":false,"statementMap":{"0":{"start":{"line":1,"column":0},"end":{"line":1,"column":31}},"2":{"start":{"line":3,"column":0},"end":{"line":3,"column":54}},"4":{"start":{"line":5,"column":0},"end":{"line":5,"column":49}},"5":{"start":{"line":6,"column":0},"end":{"line":6,"column":49}},"7":{"start":{"line":8,"column":0},"end":{"line":8,"column":45}},"8":{"start":{"line":9,"column":0},"end":{"line":9,"column":28}}},"s":{"0":1,"2":1,"4":1,"5":0,"7":1,"8":0},"branchMap":{},"b":{},"fnMap":{"0":{"name":"generateToken","decl":{"start":{"line":5,"column":29},"end":{"line":6,"column":49}},"loc":{"start":{"line":5,"column":29},"end":{"line":6,"column":49}},"line":5},"1":{"name":"verifyToken","decl":{"start":{"line":8,"column":27},"end":{"line":9,"column":28}},"loc":{"start":{"line":8,"column":27},"end":{"line":9,"column":28}},"line":8}},"f":{"0":0,"1":0}}
}
